<?xml version="1.0" encoding="UTF-8" ?>
<testsuite failures="2" time="3.193" errors="0" skipped="1" tests="3" name="com.disney.alm.test.DemoTest">
  <properties>
[...]
</properties>
  <testcase time="3.192" classname="com.disney.alm.test.DemoTest" name="openBrowser">
    <failure message="org/apache/http/conn/HttpClientConnectionManager" type="java.lang.NoClassDefFoundError">java.lang.NoClassDefFoundError: org/apache/http/conn/HttpClientConnectionManager
	at org.openqa.selenium.remote.internal.ApacheHttpClient$Factory.getDefaultHttpClientFactory(ApacheHttpClient.java:252)
	at org.openqa.selenium.remote.internal.ApacheHttpClient$Factory.&lt;init&gt;(ApacheHttpClient.java:229)
	at org.openqa.selenium.remote.HttpCommandExecutor.getDefaultClientFactory(HttpCommandExecutor.java:96)
	at org.openqa.selenium.remote.HttpCommandExecutor.&lt;init&gt;(HttpCommandExecutor.java:70)
	at org.openqa.selenium.remote.HttpCommandExecutor.&lt;init&gt;(HttpCommandExecutor.java:58)
	at org.openqa.selenium.firefox.internal.NewProfileExtensionConnection.start(NewProfileExtensionConnection.java:87)
	at org.openqa.selenium.firefox.FirefoxDriver.startClient(FirefoxDriver.java:271)
	at org.openqa.selenium.remote.RemoteWebDriver.&lt;init&gt;(RemoteWebDriver.java:119)
	at org.openqa.selenium.firefox.FirefoxDriver.&lt;init&gt;(FirefoxDriver.java:216)
	at org.openqa.selenium.firefox.FirefoxDriver.&lt;init&gt;(FirefoxDriver.java:211)
	at org.openqa.selenium.firefox.FirefoxDriver.&lt;init&gt;(FirefoxDriver.java:207)
	at org.openqa.selenium.firefox.FirefoxDriver.&lt;init&gt;(FirefoxDriver.java:120)
	at com.disney.alm.test.DemoTest.openBrowser(DemoTest.java:41)
Caused by: java.lang.ClassNotFoundException: org.apache.http.conn.HttpClientConnectionManager
	at java.net.URLClassLoader$1.run(URLClassLoader.java:366)
	at java.net.URLClassLoader$1.run(URLClassLoader.java:355)
	at java.security.AccessController.doPrivileged(Native Method)
	at java.net.URLClassLoader.findClass(URLClassLoader.java:354)
	at java.lang.ClassLoader.loadClass(ClassLoader.java:425)
	at sun.misc.Launcher$AppClassLoader.loadClass(Launcher.java:308)
	at java.lang.ClassLoader.loadClass(ClassLoader.java:358)
	... 44 more
</failure>
    <system-out>Configuring TestNG with: org.apache.maven.surefire.testng.conf.TestNG652Configurator@ef98ce0
</system-out>
  </testcase>
  <testcase time="0" classname="com.disney.alm.test.DemoTest" name="iD_12918_loginTest">
    <skipped/>
  </testcase>
  <testcase time="0.001" classname="com.disney.alm.test.DemoTest" name="updateResult">
    <failure type="java.lang.NullPointerException">java.lang.NullPointerException
	at com.disney.alm.test.DemoTest.updateResult(DemoTest.java:90)
</failure>
  </testcase>
</testsuite>