<?xml version="1.0" encoding="UTF-8"?>
<!-- Generated by org.testng.reporters.JUnitXMLReporter -->
<testsuite hostname="BDC8-L-503133V" name="Command line test" tests="1" failures="0" timestamp="26 Apr 2017 23:28:31 GMT" time="1.802" errors="0">
  <testcase name="@BeforeTest openBrowser" time="0.0" classname="com.disney.alm.test.DemoTest">
    <failure type="java.lang.NoClassDefFoundError" message="org/apache/http/conn/HttpClientConnectionManager">
      <![CDATA[java.lang.NoClassDefFoundError: org/apache/http/conn/HttpClientConnectionManager
	at org.openqa.selenium.remote.internal.ApacheHttpClient$Factory.getDefaultHttpClientFactory(ApacheHttpClient.java:252)
	at org.openqa.selenium.remote.internal.ApacheHttpClient$Factory.<init>(ApacheHttpClient.java:229)
	at org.openqa.selenium.remote.HttpCommandExecutor.getDefaultClientFactory(HttpCommandExecutor.java:96)
	at org.openqa.selenium.remote.HttpCommandExecutor.<init>(HttpCommandExecutor.java:70)
	at org.openqa.selenium.remote.HttpCommandExecutor.<init>(HttpCommandExecutor.java:58)
	at org.openqa.selenium.firefox.internal.NewProfileExtensionConnection.start(NewProfileExtensionConnection.java:87)
	at org.openqa.selenium.firefox.FirefoxDriver.startClient(FirefoxDriver.java:271)
	at org.openqa.selenium.remote.RemoteWebDriver.<init>(RemoteWebDriver.java:119)
	at org.openqa.selenium.firefox.FirefoxDriver.<init>(FirefoxDriver.java:216)
	at org.openqa.selenium.firefox.FirefoxDriver.<init>(FirefoxDriver.java:211)
	at org.openqa.selenium.firefox.FirefoxDriver.<init>(FirefoxDriver.java:207)
	at org.openqa.selenium.firefox.FirefoxDriver.<init>(FirefoxDriver.java:120)
	at com.disney.alm.test.DemoTest.openBrowser(DemoTest.java:41)
Caused by: java.lang.ClassNotFoundException: org.apache.http.conn.HttpClientConnectionManager
	at java.net.URLClassLoader$1.run(URLClassLoader.java:366)
	at java.net.URLClassLoader$1.run(URLClassLoader.java:355)
	at java.security.AccessController.doPrivileged(Native Method)
	at java.net.URLClassLoader.findClass(URLClassLoader.java:354)
	at java.lang.ClassLoader.loadClass(ClassLoader.java:425)
	at sun.misc.Launcher$AppClassLoader.loadClass(Launcher.java:308)
	at java.lang.ClassLoader.loadClass(ClassLoader.java:358)
	... 44 more
... Removed 31 stack frames]]>
    </failure>
  </testcase> <!-- @BeforeTest openBrowser -->
  <testcase name="@AfterMethod updateResult" time="0.0" classname="com.disney.alm.test.DemoTest">
    <failure type="java.lang.NullPointerException">
      <![CDATA[java.lang.NullPointerException
	at com.disney.alm.test.DemoTest.updateResult(DemoTest.java:90)
... Removed 35 stack frames]]>
    </failure>
  </testcase> <!-- @AfterMethod updateResult -->
  <testcase name="iD_12918_loginTest" time="0.001" classname="com.disney.alm.test.DemoTest">
    <skipped/>
  </testcase> <!-- iD_12918_loginTest -->
</testsuite> <!-- Command line test -->
